<?xml version="1.0" encoding="UTF-8"?>
<testng-results skipped="0" failed="0" total="1" passed="1">
  <reporter-output>
  </reporter-output>
  <suite name="Default suite" duration-ms="42797" started-at="2022-01-01T07:43:23Z" finished-at="2022-01-01T07:44:06Z">
    <groups>
    </groups>
    <test name="Default test" duration-ms="42797" started-at="2022-01-01T07:43:23Z" finished-at="2022-01-01T07:44:06Z">
      <class name="qa.com.testCases.HomePageTest">
        <test-method status="PASS" signature="initializeEnvironment()[pri:0, instance:qa.com.testCases.HomePageTest@503868]" name="initializeEnvironment" is-config="true" duration-ms="39360" started-at="2022-01-01T13:13:23Z" finished-at="2022-01-01T13:14:03Z">
          <reporter-output>
          </reporter-output>
        </test-method> <!-- initializeEnvironment -->
        <test-method status="PASS" signature="verifyHomePageTitle()[pri:0, instance:qa.com.testCases.HomePageTest@503868]" name="verifyHomePageTitle" duration-ms="2469" started-at="2022-01-01T13:14:03Z" finished-at="2022-01-01T13:14:05Z">
          <reporter-output>
          </reporter-output>
        </test-method> <!-- verifyHomePageTitle -->
        <test-method status="PASS" signature="tearDownEnvironment()[pri:0, instance:qa.com.testCases.HomePageTest@503868]" name="tearDownEnvironment" is-config="true" duration-ms="928" started-at="2022-01-01T13:14:05Z" finished-at="2022-01-01T13:14:06Z">
          <reporter-output>
          </reporter-output>
        </test-method> <!-- tearDownEnvironment -->
      </class> <!-- qa.com.testCases.HomePageTest -->
    </test> <!-- Default test -->
  </suite> <!-- Default suite -->
</testng-results>
